<?xml version="1.0" encoding="UTF-8"?>
<!-- Generated by org.testng.reporters.JUnitXMLReporter -->
<testsuite hostname="LAPTOP-2CUQSPR5" ignored="4" name="Test" tests="3" failures="0" timestamp="2020-10-19T09:19:48 IST" time="79.554" errors="0">
  <testcase name="dummy" time="0.628" classname="cases.LandingPageTest"/>
  <testcase name="two" time="9.087" classname="cases.SignInPageTest"/>
  <testcase name="Registration" time="8.154" classname="cases.RegistrationPageTest"/>
  <testcase name="@BeforeTest extent_init" time="0.0" classname="base.BaseTest">
    <ignored/>
  </testcase> <!-- @BeforeTest extent_init -->
  <testcase name="@BeforeTest extent_init" time="0.0" classname="base.BaseTest">
    <ignored/>
  </testcase> <!-- @BeforeTest extent_init -->
  <testcase name="@AfterTest exten_flush" time="0.0" classname="base.BaseTest">
    <ignored/>
  </testcase> <!-- @AfterTest exten_flush -->
  <testcase name="@AfterTest exten_flush" time="0.0" classname="base.BaseTest">
    <ignored/>
  </testcase> <!-- @AfterTest exten_flush -->
</testsuite> <!-- Test -->
